600 70 71698 39 265 1
286 1
466 1
14 2
25 1
151 2
327 1
494 2
102 2
337 2
428 3
412 4
276 3
238 3
213 5
378 2
215 4
234 5
32 4
170 1
381 1
28 3
467 6
77 1
57 5
92 7
84 7
584 4
9 6
229 6
398 5
596 5
313 4
36 4
194 2
416 6
162 8
408 7
218 6
207 8
222 8
500 2
135 3
397 8
54 9
166 1
274 10
3 11
432 7
120 2
377 1
41 9
511 4
225 7
62 10
293 8
343 6
35 5
354 7
402 3
248 5
346 8
5 10
439 12
103 10
429 11
271 3
237 9
587 7
263 4
4 6
437 10
359 11
121 9
177 9
477 13
427 12
186 9
256 10
376 12
582 1
139 11
202 6
79 12
338 13
389 12
119 8
410 10
524 14
414 3
385 7
149 12
565 3
404 13
224 14
260 14
258 9
117 8
195 5
15 15
426 13
465 12
442 15
373 14
91 10
562 15
352 7
379 15
593 16
146 11
136 16
134 17
456 14
418 17
384 10
279 15
148 6
372 3
515 2
335 18
564 9
471 16
226 13
367 16
589 17
204 14
160 11
287 18
96 19
444 6
178 19
443 5
143 15
242 17
399 20
109 21
422 18
78 17
39 19
415 16
127 4
549 21
159 18
570 8
26 20
489 19
137 14
536 4
333 18
563 13
154 22
227 11
322 11
347 17
168 20
125 4
254 2
310 14
161 20
281 22
80 15
7 16
86 7
345 19
152 22
318 23
350 23
488 19
56 12
179 17
463 17
199 12
316 24
261 17
559 13
317 21
391 24
423 22
319 16
320 21
411 15
585 22
296 19
447 25
0 25
533 18
145 21
566 24
175 7
158 26
23 5
183 23
363 5
257 25
323 21
519 24
569 21
43 24
306 27
586 28
440 26
594 28
24 25
503 21
243 16
493 13
97 1
481 11
221 25
304 27
290 23
383 25
233 22
95 26
49 26
189 9
554 21
216 24
50 29
275 18
374 30
30 28
368 31
400 3
305 15
200 23
547 20
478 23
487 29
520 3
115 25
269 26
205 30
312 23
571 30
20 23
457 28
83 27
70 28
156 26
10 20
231 27
172 10
272 22
445 29
303 19
525 25
98 13
294 31
246 32
526 32
19 24
553 16
130 25
299 27
505 6
514 14
21 32
153 33
157 7
464 33
33 20
590 29
546 31
132 34
144 35
421 30
270 34
497 26
342 16
462 18
45 16
413 31
129 27
433 24
461 29
353 8
251 22
297 31
284 33
393 15
557 29
366 34
18 35
31 30
568 4
71 34
551 29
1 35
538 32
405 33
53 36
265 28
334 20
472 34
542 28
197 31
560 12
550 26
459 24
326 35
434 32
480 35
155 37
490 37
369 22
539 34
288 19
245 8
29 18
522 33
262 38
239 14
253 39
188 2
94 38
436 27
13 12
523 36
277 34
206 32
574 37
212 1
328 36
108 7
360 37
75 38
87 40
386 41
392 13
403 1
435 42
578 38
498 39
580 33
430 37
22 15
184 27
99 30
321 19
264 31
292 36
105 34
76 20
283 39
452 41
579 40
567 42
330 17
101 34
138 19
176 36
44 40
69 35
599 36
167 39
163 40
382 41
449 42
510 9
64 43
516 42
48 38
81 40
371 43
577 29
282 37
531 42
228 41
448 26
191 44
311 42
38 23
2 43
455 32
12 38
474 44
401 30
361 43
336 4
298 42
595 10
280 24
126 45
278 45
118 38
208 41
209 10
506 46
438 44
470 37
247 44
140 14
266 36
485 44
52 45
90 46
395 31
575 43
341 47
419 39
394 32
300 48
192 32
93 26
308 43
380 48
211 40
17 31
203 30
325 47
492 14
598 49
249 47
142 11
131 11
534 41
555 49
42 45
588 44
513 46
315 49
107 48
521 9
68 29
396 48
307 47
365 41
133 49
193 35
375 42
185 50
240 46
55 50
458 47
420 51
476 45
220 14
518 49
517 52
124 53
217 49
453 50
486 48
355 39
331 26
241 49
210 50
530 46
58 46
252 44
171 52
468 33
169 51
289 41
187 52
219 53
479 38
295 51
122 53
201 46
113 50
116 54
540 36
501 48
348 43
495 35
482 38
332 51
150 52
114 27
576 52
496 46
552 51
72 28
561 17
509 55
362 21
314 22
268 54
446 34
364 55
451 54
106 35
483 55
165 40
558 56
424 55
344 44
147 56
73 47
508 43
548 51
370 30
541 54
425 53
339 55
504 56
100 29
46 57
173 53
111 58
460 57
407 45
181 30
112 57
198 58
65 25
535 48
454 54
591 59
387 55
431 59
543 12
417 51
82 58
351 60
340 32
250 56
59 61
16 62
230 60
141 60
491 61
27 37
441 52
309 53
259 38
388 44
123 5
60 41
67 58
597 54
475 55
545 22
182 54
469 43
301 39
556 57
572 58
47 20
235 47
40 58
273 61
473 56
85 62
544 49
583 59
223 63
267 62
512 60
214 63
180 17
329 61
196 64
255 64
528 61
537 60
291 35
581 45
34 63
409 32
104 65
110 64
66 57
357 59
236 50
302 61
592 59
244 28
190 65
164 21
532 50
349 40
507 54
527 66
51 66
529 54
358 67
128 64
573 63
285 65
89 61
88 67
502 62
61 51
37 58
390 64
356 25
324 65
11 39
8 68
63 66
6 68
406 2
232 56
450 57
174 69
74 69
484 70
499 69
