600 105 107853 60 376 1
124 1
518 2
99 1
421 3
161 1
399 2
431 4
556 5
189 3
127 2
171 1
408 6
457 5
540 2
244 3
227 4
84 7
83 5
450 7
583 4
413 7
537 4
108 8
73 2
372 9
62 3
378 6
577 5
363 10
446 8
532 10
64 8
426 9
483 11
245 3
280 8
465 11
320 12
149 13
39 11
291 6
455 4
145 9
514 14
230 6
586 6
417 9
311 15
462 10
312 15
553 13
411 14
567 14
305 7
80 12
188 10
459 1
447 16
593 15
433 17
172 16
469 2
304 8
79 18
156 16
26 10
298 18
45 17
283 12
282 19
322 13
517 20
488 14
533 1
292 21
545 19
478 12
334 22
95 22
585 13
131 23
139 3
564 17
78 24
59 12
37 20
340 18
209 7
14 4
36 5
419 23
215 20
93 23
21 17
568 10
113 21
371 24
466 16
153 19
389 13
248 25
120 15
204 21
70 17
346 11
313 10
293 24
396 26
513 26
481 8
162 14
58 25
82 27
394 16
382 23
464 15
235 27
44 28
520 24
42 22
550 27
5 28
23 27
345 25
47 26
490 8
207 9
240 29
531 5
432 20
90 29
437 6
236 30
480 21
310 30
541 31
364 22
344 30
183 22
32 9
380 26
509 29
489 24
85 31
223 32
221 10
336 11
123 19
526 26
9 18
155 31
297 32
452 12
60 18
543 22
141 28
173 29
369 20
97 28
186 20
527 33
76 22
418 33
365 7
507 34
315 16
354 33
416 34
294 25
150 35
274 32
182 36
138 32
220 1
1 35
110 18
71 31
442 31
201 33
599 37
359 38
253 35
233 34
479 36
98 35
48 37
184 38
356 3
87 11
165 36
587 39
69 38
72 39
181 40
148 33
547 29
314 30
52 28
427 33
375 40
350 13
50 39
498 34
77 40
278 41
214 32
299 37
109 42
542 43
510 41
428 43
176 42
28 44
367 45
224 30
571 17
505 34
40 36
115 43
88 46
563 46
443 26
213 38
429 5
487 40
570 42
388 46
323 30
494 37
143 28
597 9
358 18
496 44
231 11
260 19
523 39
414 45
192 7
157 19
46 24
196 36
499 41
22 27
454 34
407 47
467 38
492 48
102 44
572 39
57 22
325 48
243 44
460 47
500 41
515 29
295 45
412 14
287 45
470 49
43 50
324 36
361 49
34 49
425 51
453 23
591 1
391 15
126 23
163 25
264 21
92 48
497 49
174 52
199 19
86 2
560 47
581 23
521 46
368 44
576 50
94 43
290 50
415 53
211 47
275 48
574 51
318 38
589 32
307 52
348 31
544 39
51 40
329 53
390 27
349 25
575 52
579 50
456 51
598 54
105 41
187 35
242 55
129 54
451 49
387 20
265 52
118 55
262 32
573 56
197 56
438 6
154 14
11 54
321 55
255 57
423 53
474 4
353 51
549 55
528 54
347 58
386 59
328 56
135 12
20 59
169 54
202 6
107 37
134 60
106 61
206 58
130 61
486 53
584 62
254 60
216 42
276 57
319 46
335 50
225 45
75 57
373 39
66 43
332 59
343 55
12 45
337 63
552 63
516 34
6 62
529 58
406 48
538 42
2 64
119 64
96 53
398 59
569 65
168 66
100 65
594 58
24 51
303 63
68 41
0 51
277 60
379 61
228 21
473 67
268 6
400 65
511 56
376 26
218 59
237 68
296 60
555 64
557 61
506 69
444 69
484 68
226 62
241 64
327 56
67 70
281 67
7 66
193 28
38 66
247 42
535 71
89 68
112 67
441 39
424 70
449 70
477 53
185 68
170 37
49 7
461 10
54 71
596 57
164 66
178 71
203 72
508 40
284 57
482 72
194 73
551 69
177 73
590 64
238 70
65 27
503 65
420 74
267 74
116 61
200 74
436 59
522 75
140 71
146 58
114 71
392 75
152 67
29 76
468 62
554 76
53 72
595 69
445 77
317 53
4 66
530 78
338 77
151 47
205 79
103 80
222 60
239 63
111 73
422 80
272 76
393 75
271 77
561 78
256 76
342 79
501 50
258 74
159 81
404 81
35 73
179 79
397 82
132 69
439 72
261 30
476 83
559 66
41 81
167 82
55 35
448 82
355 83
180 52
471 17
27 14
536 69
301 31
101 49
25 78
430 84
286 85
330 15
578 84
133 12
366 67
558 86
246 87
472 86
485 67
308 80
252 82
458 88
395 63
257 78
142 88
288 89
409 88
56 83
351 40
519 86
405 89
491 74
512 35
266 90
251 56
582 75
381 91
18 78
548 82
128 64
63 90
195 86
19 85
190 79
30 52
279 91
475 92
357 13
539 80
147 72
566 73
270 92
125 80
525 90
273 66
285 93
122 27
410 89
232 62
3 94
104 87
17 85
493 68
326 82
158 84
463 26
212 77
374 92
263 91
504 87
565 94
81 61
13 94
74 85
117 92
370 76
592 84
249 73
339 65
302 34
121 95
383 90
15 83
333 44
580 95
546 96
219 87
352 96
524 78
160 96
341 19
306 91
175 97
259 93
435 88
316 97
360 95
8 40
91 72
10 97
229 98
31 71
534 98
402 94
440 94
362 70
198 99
208 90
300 70
495 87
269 100
309 99
136 101
191 102
289 102
403 97
384 103
16 101
588 104
502 99
166 48
234 101
250 89
144 101
61 62
217 95
377 99
562 100
210 105
401 104
434 98
33 96
331 99
385 93
137 95
