1000 113 218500 43 449 1
998 1
999 1
995 2
994 2
997 2
996 1
993 3
992 3
990 4
991 3
985 5
987 4
986 6
989 3
983 6
980 5
982 4
988 2
984 6
977 4
981 7
974 5
975 7
972 5
979 7
978 8
976 2
970 6
971 8
964 1
962 7
968 8
961 1
969 8
973 9
966 9
967 3
939 9
954 10
959 7
957 4
956 10
963 9
951 9
955 11
965 1
947 10
949 6
382 8
958 12
768 7
182 7
357 11
859 3
812 11
937 7
13 7
277 12
789 9
336 4
960 13
950 6
44 12
467 11
563 12
539 5
735 13
948 13
241 14
165 11
41 3
625 10
529 1
173 14
586 5
900 1
30 11
35 12
952 15
167 16
316 2
516 11
177 11
719 10
99 13
465 14
122 8
255 15
339 17
179 15
133 16
600 16
941 16
480 14
935 11
385 16
933 15
942 14
754 8
765 12
643 15
469 9
608 2
877 17
731 17
59 18
373 3
798 8
488 18
514 14
425 18
328 14
172 16
878 19
745 19
264 10
27 10
728 16
106 12
104 13
295 13
259 12
873 18
427 20
272 19
581 6
66 18
637 20
140 21
953 20
16 5
123 17
475 22
500 5
936 17
896 11
692 14
613 19
327 18
267 19
12 22
771 22
63 12
495 4
187 1
432 9
410 17
604 13
404 19
61 21
895 21
680 23
526 17
292 23
111 14
221 22
930 24
562 25
843 4
630 21
653 24
265 26
564 25
31 24
19 20
923 25
301 20
310 18
439 17
492 12
126 2
269 23
885 13
317 26
559 5
725 27
494 23
867 26
95 24
452 26
678 19
846 21
946 28
788 4
281 22
934 27
568 27
342 25
593 23
73 26
869 14
48 19
2 29
547 24
640 25
713 27
98 7
582 30
639 24
77 28
938 29
503 21
525 17
361 5
595 23
304 20
629 28
233 31
391 18
395 26
468 24
782 32
354 21
904 27
25 22
823 30
130 29
220 15
911 32
449 20
84 29
120 22
496 16
335 16
813 6
511 25
139 10
155 32
914 30
916 28
902 22
8 29
721 20
636 6
33 27
940 29
473 3
238 15
566 31
872 30
830 31
252 33
943 33
702 34
311 32
944 33
583 28
747 25
540 31
365 34
343 35
37 35
38 33
861 30
297 34
779 10
136 36
889 36
535 36
484 33
428 19
675 37
201 23
671 28
6 35
296 15
852 38
740 37
135 31
279 39
743 39
198 37
587 38
309 31
108 34
197 35
571 39
29 32
242 30
863 36
922 40
424 35
931 40
80 38
200 40
459 36
858 27
857 34
161 18
79 26
585 41
642 20
402 37
546 29
664 34
430 40
291 21
761 22
358 38
36 28
210 41
152 8
180 13
921 38
836 30
416 7
552 38
131 39
43 41
485 42
793 7
609 34
767 36
396 43
518 42
734 42
543 44
460 39
189 37
868 44
341 40
205 26
879 39
299 43
32 45
635 42
326 33
145 30
256 5
860 13
282 9
820 38
786 46
605 1
216 32
736 33
20 24
688 41
380 42
707 2
851 44
127 45
239 31
57 35
82 46
283 8
270 27
683 47
315 43
246 47
651 44
443 28
293 48
646 43
881 21
170 47
871 41
237 10
576 35
24 24
248 36
726 34
440 32
188 47
132 46
332 45
802 48
898 43
401 49
746 50
766 48
555 44
476 15
673 49
670 46
363 21
925 45
355 22
760 41
901 49
614 51
166 21
862 45
15 47
825 51
840 48
865 47
329 37
412 52
344 50
696 40
661 29
192 53
478 44
312 25
835 24
829 54
890 47
693 26
383 40
235 52
569 43
183 51
666 50
45 12
22 40
101 48
703 53
926 52
849 44
164 49
513 35
325 31
905 50
224 54
924 55
527 55
854 51
333 44
353 56
51 43
615 52
549 9
471 20
364 3
461 49
118 23
88 56
321 54
112 26
226 48
275 53
375 55
207 48
780 57
431 55
718 39
285 11
240 56
228 57
62 57
826 43
784 24
470 58
227 50
93 46
756 59
306 56
716 31
657 53
463 53
928 49
649 58
578 43
842 31
194 58
437 46
394 59
533 58
544 58
777 58
880 60
744 34
506 51
438 47
912 53
367 32
103 38
588 54
28 59
422 55
149 21
542 60
4 61
92 29
665 52
288 61
486 60
669 62
684 45
40 63
195 59
89 41
389 35
759 1
778 47
550 39
74 46
245 64
558 8
298 62
209 6
621 61
483 33
737 23
781 63
388 4
400 37
687 6
660 59
113 50
714 51
792 2
162 42
690 65
590 63
899 65
254 49
706 57
110 64
319 55
1 66
545 66
393 4
232 64
712 11
769 52
206 67
262 68
534 59
399 36
848 45
618 57
909 55
249 60
323 63
397 61
324 56
154 57
631 55
143 68
773 54
763 54
414 62
797 37
847 61
499 53
674 2
579 60
53 50
398 15
907 32
58 65
810 28
774 64
64 57
818 67
381 55
39 56
5 27
318 65
727 68
7 53
426 69
137 3
551 64
887 3
864 62
481 43
454 28
641 70
87 27
548 60
498 70
490 54
462 66
667 69
334 66
832 54
212 67
757 71
742 36
592 41
814 7
913 69
3 67
824 71
91 71
611 50
783 51
489 65
708 72
553 42
627 71
654 47
94 62
775 48
435 45
809 66
251 19
70 70
218 72
158 1
102 67
772 66
709 2
596 72
415 66
9 4
531 66
815 23
217 73
741 72
750 61
751 73
407 30
11 68
286 44
689 62
203 74
196 68
723 73
517 31
919 75
190 73
876 56
308 59
258 74
290 75
138 52
350 76
505 45
17 3
100 51
837 76
464 40
644 75
360 77
601 68
560 61
14 69
822 26
679 70
359 63
213 17
891 58
392 70
705 78
372 72
833 67
244 72
276 79
633 76
599 6
72 74
446 71
479 10
645 41
86 25
444 18
307 77
223 52
447 20
501 52
81 63
794 42
434 59
142 75
634 64
574 36
853 77
156 63
647 73
811 5
598 30
109 79
650 23
536 73
157 32
538 9
927 78
522 70
561 36
409 34
50 77
260 49
202 6
668 75
78 79
682 69
910 80
477 78
894 66
85 64
762 80
417 68
303 63
807 6
790 80
457 72
472 76
34 69
305 37
146 76
314 65
445 81
537 82
458 73
520 5
796 82
387 61
141 70
677 81
181 74
257 74
827 74
21 80
567 81
69 75
204 53
356 39
413 82
215 83
150 44
541 8
54 84
214 39
423 59
128 77
68 83
945 81
676 81
90 70
572 83
803 49
845 29
159 79
442 85
508 83
512 80
71 16
419 76
523 85
60 84
700 71
346 67
795 68
838 86
816 85
554 83
755 78
655 87
448 86
850 86
906 85
211 65
580 84
915 30
117 86
125 80
648 64
701 62
10 87
638 88
26 81
348 73
349 87
776 88
883 41
711 57
770 84
487 56
261 89
105 90
739 57
509 77
699 82
185 88
504 78
219 89
748 17
243 79
510 1
429 67
121 91
799 89
115 87
274 79
603 92
199 6
97 73
229 50
570 84
347 91
732 75
491 18
717 82
524 88
46 92
685 90
184 89
456 91
882 25
893 90
65 9
147 92
856 93
144 89
662 91
134 93
55 94
729 82
715 62
322 95
222 96
606 69
918 24
83 93
507 81
602 77
753 97
917 64
386 87
584 76
171 95
337 86
374 92
694 90
530 94
800 89
450 92
129 97
75 76
169 82
406 74
284 86
107 79
67 87
573 91
821 84
42 33
390 54
591 43
652 90
119 78
369 93
908 94
186 98
76 91
436 94
619 89
208 98
733 85
225 64
597 88
96 90
695 99
724 95
656 96
557 94
47 69
817 46
366 96
370 81
886 72
686 100
681 84
280 100
148 97
379 96
875 96
897 95
805 100
738 100
163 101
855 17
168 85
273 97
433 76
331 93
482 85
866 98
18 98
174 86
787 99
697 79
362 79
888 71
720 99
368 31
193 94
659 95
268 102
710 58
658 56
626 101
831 103
236 83
294 72
828 88
23 66
231 85
153 85
320 62
250 66
607 101
502 99
151 102
234 93
266 84
532 8
160 104
271 103
515 77
300 104
594 102
371 25
521 105
420 60
351 102
345 92
441 103
565 99
632 101
758 38
575 40
903 59
338 106
411 87
116 84
808 78
466 105
612 107
622 106
841 22
616 95
610 104
839 98
377 105
722 101
892 13
493 106
698 30
247 51
289 97
474 106
929 104
806 78
884 53
253 44
870 88
52 107
804 90
749 91
302 98
56 97
421 103
617 72
330 105
577 108
176 71
453 97
628 104
785 28
451 51
340 3
114 108
764 69
589 34
0 31
672 109
378 107
623 109
801 93
704 108
932 110
624 105
178 90
191 69
278 102
556 108
124 58
730 109
834 95
287 103
49 100
175 105
920 111
519 110
874 75
405 110
403 112
418 106
752 83
663 88
376 107
691 40
408 60
352 88
791 100
497 101
263 110
620 103
230 94
313 87
844 107
455 84
819 67
528 113
384 94
