1000 130 243586 48 499 1
998 1
994 2
997 1
995 3
999 2
993 1
996 4
992 3
991 4
988 3
983 1
985 4
990 5
986 5
984 2
987 6
989 2
981 6
976 5
982 7
977 7
978 3
973 6
980 8
972 3
971 2
975 1
979 8
974 1
969 4
967 9
961 4
965 9
963 5
968 7
970 6
956 9
962 1
960 7
964 5
957 9
374 10
713 8
954 8
769 11
706 10
743 12
955 6
966 13
149 8
947 11
595 4
949 12
589 4
554 10
953 14
252 11
591 11
43 12
151 11
958 15
176 7
316 7
153 13
703 2
731 16
276 1
259 12
843 15
207 17
251 15
88 12
216 14
367 15
436 14
305 7
824 2
959 14
165 18
542 10
192 16
179 13
673 16
479 10
515 10
681 12
29 11
492 18
939 14
398 13
422 15
948 19
473 19
503 17
437 16
648 1
952 19
827 6
951 17
750 13
147 14
142 4
893 17
597 9
444 2
334 13
278 20
942 9
31 18
541 8
469 21
702 14
669 14
342 15
639 21
745 22
699 4
872 17
208 3
943 20
856 16
691 23
240 10
94 21
457 15
777 23
686 20
489 22
668 22
63 24
213 18
935 18
762 20
61 21
420 20
902 22
581 19
307 9
256 9
407 8
184 24
461 24
15 24
753 19
459 6
104 25
105 11
82 23
709 3
421 20
196 26
818 13
246 20
167 23
298 13
106 25
391 12
728 18
851 27
10 25
823 25
107 21
861 24
315 26
755 5
916 24
792 28
901 27
387 25
924 28
585 29
898 26
878 27
185 28
382 19
874 30
695 20
412 30
311 29
343 31
49 6
787 26
710 22
884 32
462 19
91 31
221 25
257 27
575 33
483 29
294 32
130 19
371 23
292 30
687 18
228 22
835 32
341 33
203 3
677 16
535 17
401 20
231 5
349 23
937 27
181 11
143 29
931 33
592 28
793 29
890 30
527 32
539 16
797 27
538 26
361 34
887 30
950 35
617 12
859 28
170 35
174 34
627 25
914 33
393 31
596 32
509 15
608 20
123 36
794 31
386 20
101 34
159 37
253 37
262 35
347 35
853 21
603 36
317 28
930 9
9 38
290 36
590 36
366 17
600 37
400 38
12 31
281 37
907 39
778 31
304 40
683 34
730 35
211 29
632 30
157 41
247 39
733 34
576 42
747 18
195 39
201 40
796 42
370 38
622 41
716 43
551 43
110 26
265 30
725 41
426 17
802 36
285 38
932 39
812 42
945 37
35 5
718 33
53 43
324 40
267 26
672 19
242 44
54 35
646 44
775 23
250 43
396 42
544 45
828 46
205 35
430 46
70 46
313 45
166 47
811 37
556 45
628 33
805 32
354 36
102 47
819 8
168 33
781 48
879 48
84 47
127 22
741 39
455 47
623 46
650 40
199 44
218 43
736 33
720 39
660 38
726 49
427 4
348 31
837 32
946 46
272 41
230 40
71 23
376 25
232 34
439 37
729 36
766 42
645 50
326 51
55 50
86 48
569 24
193 3
111 42
712 49
752 48
928 49
550 52
641 51
124 36
563 50
65 49
100 53
235 41
925 8
521 45
653 52
2 24
310 45
152 34
188 45
493 51
191 49
472 50
801 50
378 49
177 27
419 54
442 44
908 24
652 46
814 22
484 55
739 37
880 29
171 52
910 42
288 43
406 41
694 53
380 34
809 56
5 50
3 51
599 5
807 38
314 48
631 53
476 32
647 48
373 48
120 29
337 29
384 47
418 54
399 52
560 52
566 54
613 57
533 53
178 48
411 57
829 57
714 54
593 54
198 58
502 44
365 59
225 53
220 26
158 54
609 5
786 55
383 58
719 56
448 45
357 56
146 32
944 55
362 58
895 50
269 52
434 54
21 58
784 38
567 13
671 59
241 56
549 56
883 60
217 61
573 57
659 55
708 56
934 28
295 40
768 62
24 46
586 60
293 41
485 47
511 30
497 21
754 61
665 59
344 18
607 57
332 63
788 60
355 21
727 49
463 62
363 41
128 64
773 59
69 61
625 60
20 39
656 61
523 54
871 62
1 56
129 55
763 63
17 58
359 57
431 65
642 65
512 25
289 42
300 51
77 63
189 53
889 35
799 9
904 66
655 64
164 51
64 67
500 66
96 63
510 64
614 66
922 39
870 31
270 65
780 67
381 68
352 60
163 68
742 65
80 59
498 69
6 60
938 68
4 58
186 55
51 63
583 67
222 70
905 69
410 62
840 70
737 44
385 61
629 59
817 64
494 53
690 63
626 47
588 59
821 67
424 69
264 71
260 71
697 64
108 65
789 13
638 64
109 72
929 7
852 5
519 4
39 72
32 1
8 73
414 70
680 74
806 53
524 75
38 62
868 70
705 71
287 71
844 66
506 74
318 76
833 3
885 8
866 22
514 73
0 72
136 28
909 77
536 73
513 57
237 61
464 1
839 67
76 44
23 75
275 2
482 1
353 74
233 11
756 73
255 68
881 2
888 66
618 59
277 72
103 69
183 55
116 69
271 67
249 10
312 68
758 78
144 77
389 16
67 79
657 4
46 19
234 71
886 68
266 33
85 76
537 6
848 43
392 80
329 47
141 71
873 70
438 25
308 77
68 76
75 79
830 75
798 80
187 55
689 7
810 23
22 81
717 81
564 82
441 78
571 78
508 76
555 68
779 81
229 66
815 79
804 83
574 74
558 78
912 83
826 80
528 63
927 81
633 81
18 61
724 40
757 1
863 75
601 70
200 54
855 82
867 72
89 84
913 83
875 74
936 69
11 79
630 76
268 84
808 62
60 56
335 51
475 85
547 70
33 84
605 77
34 67
243 43
274 82
154 77
279 75
206 86
112 52
471 87
390 88
92 84
526 85
540 83
135 73
615 82
36 12
423 59
62 58
882 85
740 67
582 87
169 65
81 83
339 19
920 63
917 86
48 77
403 82
685 7
621 85
532 86
637 61
377 76
405 78
675 89
273 83
433 88
325 2
132 31
138 73
161 76
402 89
25 90
321 87
684 82
842 90
283 78
155 69
78 79
470 76
580 84
698 91
395 80
388 87
666 77
721 89
238 91
449 87
303 3
562 88
350 92
26 90
333 92
212 88
891 56
772 92
429 55
516 74
98 2
19 93
202 89
460 40
408 91
320 92
150 86
227 45
175 49
658 46
468 87
327 94
525 6
364 72
606 93
83 67
358 95
27 68
291 51
37 91
923 88
857 75
692 93
447 90
640 95
452 95
759 94
701 95
565 93
297 85
223 80
137 27
501 71
28 94
663 43
850 94
73 47
869 96
440 96
616 97
746 96
87 98
800 95
865 52
682 99
330 97
261 96
95 98
481 99
846 90
379 99
466 16
197 81
688 97
42 98
338 83
795 79
518 40
715 99
416 100
534 86
397 84
700 100
114 93
323 71
209 97
319 86
30 101
854 101
761 101
557 92
816 102
767 102
224 87
345 21
723 97
940 60
803 103
487 46
360 103
678 104
897 96
7 98
776 100
336 104
226 100
453 82
765 96
173 92
577 102
782 91
204 98
849 101
301 105
790 98
491 103
428 93
915 66
892 75
72 99
831 105
413 62
604 90
219 84
507 106
661 102
139 63
443 104
474 106
454 26
356 97
45 107
520 10
704 67
738 49
41 79
328 28
877 105
894 104
13 84
50 94
748 83
610 18
711 107
59 52
906 89
99 102
864 78
774 101
340 108
79 103
876 99
679 105
561 64
546 100
734 14
643 38
612 5
134 90
248 108
309 39
346 109
530 80
825 105
478 110
676 107
735 109
404 103
543 6
140 77
505 79
662 72
896 98
296 105
369 41
578 109
841 50
911 111
286 57
529 109
119 110
451 110
236 109
182 106
900 103
847 111
148 85
368 112
644 111
446 112
299 113
770 107
635 91
594 104
122 112
764 111
118 107
126 114
47 15
858 115
258 97
244 86
522 113
918 111
432 106
394 114
435 112
90 110
465 95
941 81
302 110
791 114
306 100
693 114
722 73
744 108
834 113
568 116
707 85
619 112
785 103
559 117
620 115
751 116
499 117
115 94
331 118
579 14
131 114
496 108
634 115
57 88
372 5
160 41
553 118
584 118
664 105
771 16
322 117
517 119
760 113
351 116
860 115
552 113
282 119
40 52
836 111
117 120
674 106
52 93
467 25
611 98
66 121
456 22
531 120
16 121
445 122
156 88
239 96
215 60
696 110
602 114
284 108
113 119
587 1
624 114
749 112
125 46
74 121
280 101
425 107
636 123
832 116
933 118
903 120
548 124
180 122
654 34
245 9
44 123
667 122
545 118
417 124
926 120
409 106
375 125
921 100
838 65
862 89
822 126
490 95
732 101
14 124
121 125
458 5
58 121
172 123
162 126
450 109
899 40
210 75
93 102
254 123
570 127
495 125
813 62
194 76
649 104
783 124
190 122
214 117
598 31
145 117
670 128
415 122
486 125
97 95
820 119
504 80
263 129
651 128
488 121
480 115
572 130
133 94
56 62
477 115
845 102
919 128
