1000 252 399600 80 824 1
88 1
370 2
873 3
977 3
428 4
978 2
518 4
70 5
365 5
402 1
67 4
212 6
979 7
71 8
269 5
300 1
679 6
861 8
110 9
422 10
866 7
142 11
350 12
629 13
949 9
960 14
216 12
306 3
449 14
670 10
692 11
80 2
127 15
139 16
379 16
476 15
495 13
978 17
244 18
247 13
320 11
556 1
967 19
21 17
369 15
380 20
389 19
500 21
979 15
186 18
341 21
378 3
704 22
741 17
812 14
941 23
979 24
35 19
346 25
515 7
862 26
978 27
978 28
398 20
420 13
516 25
597 29
618 10
81 6
181 30
215 26
275 24
290 31
324 30
340 21
364 22
555 16
754 2
250 28
322 9
400 10
425 32
557 29
567 8
765 33
934 34
43 12
55 23
73 30
239 7
255 34
291 18
441 25
612 32
680 33
688 35
694 5
743 31
815 36
857 34
978 35
23 27
85 24
228 33
246 36
363 37
598 26
764 22
30 38
54 39
84 27
108 38
196 35
236 39
251 40
312 22
415 36
419 41
450 37
551 42
639 43
707 8
744 40
782 44
783 31
788 42
795 45
799 41
904 43
943 32
956 46
60 41
69 45
160 29
284 40
321 46
332 45
388 37
413 47
442 23
532 20
543 48
677 49
687 48
878 47
891 44
913 39
975 28
31 50
50 51
82 52
89 44
92 6
302 21
317 37
359 50
426 53
459 49
505 24
540 51
577 54
615 53
624 54
702 55
786 55
825 38
944 48
18 56
24 52
162 42
222 57
337 58
399 45
523 59
636 51
722 54
800 60
890 57
892 28
932 47
935 47
151 34
156 61
214 53
289 38
465 36
570 40
617 58
665 62
894 55
899 30
958 61
978 63
56 52
153 59
192 63
266 57
282 9
283 54
303 62
311 20
431 37
498 64
513 46
539 26
723 64
726 50
781 65
819 56
871 66
886 67
927 68
978 69
976 58
19 68
34 7
104 60
152 50
155 27
211 32
225 69
277 62
458 48
497 66
507 65
541 69
663 23
693 70
748 70
817 71
823 16
874 60
902 72
929 71
945 67
979 54
978 73
977 73
25 74
111 17
129 49
234 75
240 72
243 49
254 74
264 76
330 68
335 23
447 56
466 19
502 51
562 19
605 75
634 62
664 76
678 77
818 42
820 4
828 78
858 66
909 79
919 67
973 80
978 74
46 81
124 78
126 63
261 71
263 82
304 83
315 56
329 18
387 77
437 80
491 11
525 82
572 84
595 59
606 70
620 79
622 84
657 64
673 61
684 73
701 81
709 80
715 85
769 75
813 83
877 84
906 65
32 76
47 31
198 85
248 59
262 86
354 87
391 88
393 60
435 46
436 89
448 88
504 39
566 79
589 77
592 68
616 90
658 76
758 58
762 91
830 67
831 87
845 58
855 92
955 89
966 44
91 93
136 14
204 72
231 79
260 81
323 88
406 90
424 82
470 94
473 59
477 95
484 86
493 94
545 91
644 92
650 57
661 89
720 16
736 43
750 70
755 87
773 86
774 96
785 24
842 40
933 94
972 93
978 95
8 57
11 73
17 63
106 78
147 91
180 93
223 88
294 97
352 21
353 82
362 68
443 95
453 98
463 96
464 43
482 99
501 73
521 85
524 100
563 55
582 9
585 81
593 101
611 74
614 87
681 64
721 102
737 85
740 11
747 99
807 103
821 97
832 104
840 80
869 105
879 105
926 90
978 106
37 100
45 107
68 25
115 106
138 95
150 103
171 104
187 97
201 99
375 108
392 109
403 107
412 110
433 31
461 92
462 109
479 70
526 42
571 69
574 96
599 36
666 98
739 104
824 111
882 100
938 102
948 112
965 94
16 101
27 12
59 8
83 113
99 114
146 98
182 108
202 83
205 99
210 105
227 103
237 110
274 82
280 91
361 114
409 115
414 111
530 116
565 113
581 115
596 102
638 27
648 74
732 114
801 53
836 117
914 107
946 118
947 119
65 118
107 120
109 91
134 111
137 103
144 118
166 97
172 120
199 116
217 75
265 41
381 106
423 119
544 121
671 122
682 123
683 124
700 117
711 86
724 61
746 71
752 109
779 112
802 121
850 99
901 123
953 125
52 15
63 122
87 100
90 126
133 127
203 102
209 128
221 123
232 26
270 128
301 101
309 108
342 78
374 116
418 117
512 33
522 129
535 130
659 39
691 129
731 127
733 105
759 131
798 125
808 124
810 119
852 132
854 113
860 130
936 126
940 133
12 124
33 134
96 133
100 35
101 121
117 135
120 122
130 132
173 127
175 136
183 92
242 119
252 112
281 77
372 137
478 129
552 138
619 138
632 115
637 52
641 134
643 137
729 131
734 98
753 120
796 118
803 136
806 139
903 133
908 140
911 140
968 135
3 139
29 141
86 142
93 107
97 30
113 132
116 143
131 136
141 125
149 104
161 144
170 142
189 65
197 122
230 143
235 43
313 109
325 145
366 66
438 93
451 146
456 141
467 110
550 128
573 147
626 143
647 147
695 46
757 138
777 145
872 148
928 149
951 139
959 131
978 146
40 47
57 108
61 148
72 2
123 150
163 126
167 144
168 149
245 112
356 151
410 51
421 110
475 150
485 127
503 122
519 131
536 151
538 137
560 152
561 89
607 153
640 135
653 146
669 87
696 111
784 115
880 101
924 144
961 152
976 154
978 155
41 156
114 154
118 153
125 157
164 126
206 158
273 159
310 83
383 160
385 106
386 147
445 152
494 157
510 155
517 113
635 114
749 161
760 156
768 158
776 159
829 154
847 150
851 149
867 148
910 139
915 162
918 90
930 72
4 64
79 160
154 163
190 161
220 164
292 165
308 134
343 166
371 5
384 141
468 162
474 140
514 167
548 104
554 138
575 110
576 163
583 164
586 168
601 29
608 78
609 142
627 169
652 156
699 134
791 166
888 170
900 165
952 138
957 130
7 168
103 164
128 161
132 167
143 157
177 141
200 168
229 151
233 117
258 129
272 169
278 171
296 159
338 172
404 133
452 165
490 170
492 170
533 153
537 158
610 173
628 169
676 171
717 146
718 147
794 145
834 151
843 160
853 172
962 174
978 175
13 148
39 176
42 150
58 163
159 166
185 177
293 175
297 103
316 168
347 140
358 153
486 178
496 177
569 174
604 179
642 145
719 28
725 178
751 180
790 107
868 181
905 182
922 173
2 130
14 171
22 169
64 181
94 143
148 183
307 184
333 176
373 142
405 177
471 185
534 175
542 185
579 186
667 187
756 178
811 167
833 179
856 188
870 162
895 155
950 168
135 165
226 83
249 143
267 180
287 180
295 173
368 176
440 187
499 189
511 137
527 172
528 124
564 190
580 188
588 182
591 188
602 113
686 152
697 144
698 191
703 192
708 174
763 45
797 180
883 183
887 193
920 163
931 191
963 175
5 185
9 182
28 6
174 135
188 194
256 183
268 186
286 189
319 183
327 195
345 184
390 186
416 192
454 189
520 179
630 192
633 193
649 194
672 196
675 197
728 92
792 167
804 96
814 198
844 128
876 199
897 195
942 199
970 200
10 157
158 195
218 184
259 190
351 201
355 190
376 202
397 186
407 80
408 81
430 196
481 158
487 203
558 197
584 198
590 194
742 200
770 79
816 172
849 204
875 181
885 205
917 156
969 206
20 171
102 155
145 201
178 196
191 206
194 202
314 204
331 207
457 208
472 207
553 205
603 187
655 162
656 200
778 209
780 179
809 61
822 169
841 202
889 134
921 199
48 160
76 210
98 203
121 211
165 210
179 128
213 205
224 209
318 206
339 153
427 195
480 121
587 207
716 208
735 29
793 212
859 203
912 198
937 193
971 212
66 208
119 192
169 213
193 185
208 154
360 214
377 215
382 214
488 210
508 211
645 204
654 215
898 197
925 216
977 217
75 218
276 218
509 182
549 216
578 219
625 220
646 207
706 221
710 194
714 219
738 213
745 142
766 201
848 212
916 220
36 217
74 222
257 196
298 223
305 224
328 221
336 225
348 224
613 215
621 219
660 226
713 214
730 221
838 227
865 216
896 228
923 3
964 10
974 174
0 218
44 222
62 222
77 227
78 170
95 188
105 213
157 223
432 229
506 226
559 225
600 224
631 220
651 223
674 209
689 34
727 133
761 228
805 229
344 230
401 123
434 229
439 231
469 232
546 233
568 209
594 230
690 225
846 234
53 233
271 235
411 236
662 212
685 114
839 237
881 183
884 238
954 239
1 187
26 16
51 188
140 234
219 230
238 205
288 193
349 240
623 239
668 210
775 235
907 241
207 241
334 242
417 214
771 228
835 236
529 100
531 243
767 240
112 222
122 231
176 232
253 244
279 117
367 245
455 238
483 243
705 111
789 246
864 149
446 226
837 197
299 236
712 247
978 246
357 248
396 108
15 218
38 242
195 249
489 227
547 237
772 250
787 244
826 248
939 245
429 4
285 235
326 243
460 247
241 244
6 217
394 230
444 178
827 250
49 202
184 155
395 251
863 252
893 249
