1000 237 399600 80 824 1
893 1
49 1
184 2
395 3
863 2
6 4
394 5
444 3
827 6
241 7
285 8
326 4
460 5
429 6
15 9
38 8
195 9
489 10
547 11
772 7
787 12
826 10
939 12
357 13
396 14
299 15
712 6
978 13
446 16
837 16
112 12
122 4
176 17
253 18
279 15
367 19
455 5
483 17
705 20
789 16
864 21
529 11
531 21
767 22
207 19
334 17
417 13
771 2
835 21
1 23
26 18
51 14
140 24
219 24
238 20
288 24
349 25
623 10
668 3
775 8
907 7
53 14
271 26
411 25
662 25
685 11
839 27
881 28
884 14
954 2
344 27
401 22
434 29
439 28
469 30
546 31
568 1
594 32
690 9
846 30
0 23
44 33
62 26
77 29
78 22
95 34
105 35
157 7
432 35
506 34
559 23
600 36
631 9
651 37
674 38
689 39
727 31
761 30
805 36
36 32
74 23
257 37
298 15
305 37
328 40
336 41
348 39
613 33
621 42
660 43
713 34
730 36
838 26
865 6
896 44
923 29
964 12
974 41
75 31
276 44
509 27
549 40
578 45
625 40
646 41
706 43
710 32
714 33
738 35
745 42
766 19
848 46
916 38
66 45
119 39
169 43
193 47
208 47
360 46
377 48
382 48
488 42
508 33
645 46
654 49
898 25
925 38
977 49
48 50
76 51
98 52
121 44
165 44
179 50
213 53
224 22
318 35
339 53
427 54
480 53
587 51
716 41
735 55
793 50
859 54
912 40
937 56
971 56
20 20
102 48
145 51
178 48
191 18
194 57
314 56
331 58
457 52
472 59
553 57
603 44
655 58
656 28
778 16
780 60
809 55
822 61
841 62
889 28
921 25
10 31
158 55
218 21
259 51
351 63
355 60
376 49
397 64
407 59
408 62
430 61
481 60
487 65
558 66
584 67
590 42
742 68
770 36
816 67
849 52
875 47
885 66
917 69
969 54
5 45
9 70
28 59
174 71
188 2
256 66
268 71
286 72
319 70
327 63
345 8
390 65
416 62
454 73
520 49
630 71
633 68
649 73
672 74
675 72
728 26
792 13
804 45
814 64
844 69
876 75
897 76
942 77
970 27
135 70
226 78
249 69
267 70
287 57
295 10
368 79
440 16
499 80
511 81
527 20
528 76
564 79
580 43
588 50
591 68
602 63
686 11
697 58
698 21
703 3
708 17
763 80
797 68
883 75
887 82
920 61
931 81
963 76
2 83
14 77
22 78
64 83
94 74
148 84
307 38
333 85
373 77
405 83
471 72
534 81
542 78
579 82
667 64
756 86
811 87
833 66
856 85
870 88
895 88
950 65
13 75
39 86
42 75
58 84
159 53
185 89
293 79
297 87
316 90
347 84
358 37
486 80
496 79
569 88
604 47
642 82
719 73
725 39
751 91
790 15
868 89
905 89
922 90
7 81
103 86
128 90
132 92
143 93
177 83
200 91
229 7
233 93
258 4
272 67
278 77
296 94
338 94
404 19
452 80
490 95
492 46
533 96
537 97
610 95
628 92
676 97
717 98
718 99
794 93
834 87
843 69
853 71
962 91
978 96
4 99
79 100
154 24
190 100
220 72
292 101
308 101
343 102
371 28
384 98
468 98
474 87
514 9
548 102
554 95
575 90
576 92
583 1
586 103
601 103
608 99
609 104
627 104
652 105
699 106
791 72
888 85
900 85
952 74
957 107
41 105
114 105
118 60
125 106
164 108
206 36
273 35
310 109
383 100
385 104
386 95
445 73
494 63
510 109
517 102
635 108
749 21
760 110
768 111
776 112
829 96
847 113
851 114
867 115
910 114
915 30
918 107
930 116
40 94
57 117
61 113
72 117
123 56
163 110
167 118
168 112
245 92
356 104
410 103
421 106
475 115
485 115
503 119
519 62
536 116
538 108
560 120
561 61
607 101
640 105
653 113
669 121
696 120
784 109
880 89
924 122
961 32
976 119
978 123
3 59
29 120
86 118
93 112
97 124
113 55
116 111
131 32
141 98
149 125
161 18
170 126
189 121
197 58
230 125
235 49
313 116
325 100
366 82
438 121
451 86
456 74
467 34
550 52
573 126
626 69
647 127
695 108
757 123
777 127
872 89
928 107
951 122
959 128
978 129
12 129
33 13
96 130
100 131
101 109
117 130
120 105
130 114
173 129
175 132
183 131
242 57
252 128
281 99
372 130
478 123
552 41
619 110
632 59
637 119
641 62
643 118
729 133
734 116
753 111
796 120
803 84
806 132
903 57
908 116
911 117
968 134
52 133
63 127
87 126
90 124
133 132
203 135
209 54
221 115
232 128
270 136
301 137
309 134
342 138
374 91
418 97
512 103
522 139
535 139
659 19
691 102
731 137
733 136
759 140
798 103
808 121
810 118
852 141
854 138
860 142
936 130
940 140
65 143
107 29
109 144
134 114
137 122
144 135
166 142
172 145
199 141
217 136
265 144
381 141
423 140
544 135
671 143
682 146
683 143
700 133
711 145
724 93
746 133
752 147
779 142
802 148
850 78
901 149
953 147
16 117
27 133
59 138
83 128
99 150
146 141
182 124
202 150
205 151
210 152
227 153
237 150
274 94
280 145
361 152
409 146
414 154
530 107
565 148
581 155
596 156
638 157
648 158
732 15
801 147
836 125
914 125
946 144
947 159
37 156
45 91
68 142
115 148
138 154
150 136
171 149
187 160
201 151
375 157
392 158
403 149
412 37
433 161
461 146
462 127
479 129
526 54
571 153
574 139
599 70
666 160
739 162
824 137
882 163
938 162
948 135
965 164
8 165
11 67
17 159
106 140
147 102
180 138
223 96
294 152
352 132
353 40
362 161
443 151
453 166
463 165
464 167
482 147
501 131
521 111
524 155
563 155
582 60
585 159
593 164
611 29
614 157
681 149
721 163
737 168
740 168
747 169
807 167
821 153
832 146
840 170
869 163
879 158
926 167
978 171
91 172
136 103
204 10
231 156
260 160
323 170
406 154
424 148
470 129
473 172
477 171
484 173
493 174
545 166
644 134
650 170
661 166
720 175
736 169
750 175
755 176
773 88
774 177
785 65
842 173
933 178
972 145
978 179
32 177
47 174
198 106
248 93
262 113
354 64
391 178
393 139
435 159
436 157
448 179
504 137
566 180
589 113
592 58
616 180
658 85
758 45
762 165
830 181
831 164
845 97
855 182
955 79
966 183
46 183
124 184
126 2
261 106
263 94
304 121
315 185
329 174
387 175
437 170
491 184
525 176
572 186
595 187
606 181
620 173
622 187
657 101
673 28
684 74
701 63
709 154
715 182
769 155
813 188
877 185
906 189
25 161
111 134
129 61
234 169
240 176
243 162
254 153
264 188
330 162
335 190
447 80
466 52
502 178
562 112
605 185
634 188
664 174
678 152
818 191
820 180
828 168
858 189
909 190
919 191
973 137
978 192
19 171
34 193
104 186
152 3
155 194
211 184
225 190
277 142
458 187
497 179
507 182
541 169
663 48
693 194
748 193
817 191
823 114
874 161
902 189
929 183
945 192
979 122
978 195
977 78
56 195
153 196
192 197
266 11
282 182
283 198
303 197
311 199
431 150
498 126
513 196
539 13
723 198
726 200
781 158
819 73
871 181
886 201
927 144
978 199
976 202
151 96
156 181
214 41
289 73
465 165
570 123
617 148
665 166
894 196
899 203
958 200
978 204
18 176
24 27
162 195
222 158
337 185
399 39
523 177
636 184
722 201
800 192
890 147
892 172
932 202
935 203
31 193
50 205
82 206
89 191
92 206
302 160
317 207
359 122
426 167
459 207
505 205
540 192
577 208
615 209
624 210
702 211
786 195
825 202
944 172
60 151
69 208
160 204
284 140
321 212
332 213
388 212
413 131
442 112
532 130
543 173
677 109
687 214
878 215
891 210
913 124
975 209
30 163
54 24
84 23
108 204
196 211
236 216
251 43
312 194
415 209
419 104
450 177
551 217
639 111
707 149
744 213
782 151
783 186
788 183
795 207
799 161
904 203
943 76
956 110
23 186
85 211
228 197
246 70
363 200
598 218
764 214
43 81
55 218
73 213
239 5
255 210
291 68
441 76
612 142
680 217
688 10
694 152
743 215
815 216
857 99
978 219
250 216
322 220
400 221
425 222
557 219
567 219
765 196
934 126
81 171
181 220
215 223
275 95
290 150
324 75
340 220
364 221
555 198
754 222
398 168
420 224
516 225
597 219
618 31
35 226
346 226
515 144
862 208
978 227
978 228
186 206
341 194
378 201
704 228
741 134
812 229
941 223
979 218
21 125
369 225
380 214
389 8
500 230
979 227
244 159
247 217
320 230
556 212
967 127
80 193
127 198
139 231
379 198
476 224
495 38
978 232
216 124
306 67
449 164
670 202
692 203
142 58
350 119
629 229
949 199
960 87
110 68
422 228
866 213
71 230
269 30
300 130
679 231
861 156
67 233
212 216
979 233
70 234
365 175
402 235
518 221
428 215
978 232
873 8
977 236
370 231
88 237
