1000 249 399600 80 824 1
0 1
1 2
2 3
3 4
4 1
5 4
6 5
7 6
8 3
9 7
10 7
11 8
12 8
13 9
14 9
15 10
16 2
17 2
18 11
19 10
20 12
21 13
22 12
23 14
24 14
25 8
26 15
27 10
28 6
29 16
30 9
31 17
32 17
33 11
34 5
35 4
36 1
37 13
38 15
39 13
40 18
41 16
42 19
43 20
44 21
45 21
46 19
47 22
48 7
49 23
50 24
51 25
52 12
53 3
54 18
55 18
56 7
57 11
58 17
59 15
60 26
61 14
62 22
63 23
64 20
65 27
66 20
67 20
68 27
69 16
70 28
71 29
72 30
73 24
74 31
75 32
76 30
77 17
78 19
79 32
80 31
81 25
82 32
83 33
84 28
85 21
86 33
87 34
88 28
89 5
90 31
91 6
92 35
93 36
94 36
95 33
96 29
97 18
98 35
99 13
100 9
101 27
102 34
103 37
104 26
105 28
106 38
107 39
108 23
109 21
110 34
111 37
112 40
113 11
114 41
115 39
116 26
117 24
118 42
119 38
120 40
121 22
122 42
123 4
124 43
125 44
126 44
127 35
128 45
129 37
130 46
131 30
132 45
133 41
134 45
135 47
136 5
137 43
138 48
139 49
140 48
141 46
142 47
143 38
144 47
145 49
146 29
147 50
148 51
149 52
150 14
151 31
152 50
153 2
154 53
155 54
156 43
157 54
158 55
159 53
160 36
161 51
162 41
163 56
164 42
165 46
166 56
167 57
168 53
169 39
170 52
171 58
172 56
173 54
174 57
175 59
176 52
177 58
178 49
179 55
180 11
181 59
182 39
183 60
184 61
185 1
186 30
187 62
188 23
189 40
190 63
191 59
192 44
193 41
194 64
195 65
196 10
197 66
198 62
199 67
200 25
201 48
202 51
203 64
204 62
205 68
206 29
207 66
208 60
209 24
210 64
211 36
212 63
213 58
214 51
215 69
216 16
217 70
218 61
219 65
220 69
221 71
222 70
223 67
224 56
225 33
226 72
227 72
228 20
229 62
230 4
231 68
232 2
233 10
234 63
235 71
236 50
237 73
238 73
239 53
240 68
241 66
242 57
243 74
244 74
245 18
246 69
247 55
248 12
249 46
250 60
251 26
252 73
253 34
254 75
255 70
256 76
257 76
258 77
259 40
260 77
261 78
262 24
263 79
264 75
265 67
266 80
267 71
268 16
269 81
270 81
271 74
272 69
273 82
274 79
275 38
276 83
277 44
278 66
279 42
280 78
281 84
282 80
283 84
284 65
285 83
286 85
287 79
288 81
289 49
290 86
291 84
292 19
293 59
294 87
295 88
296 80
297 86
298 72
299 82
300 24
301 78
302 88
303 47
304 76
305 27
306 81
307 65
308 89
309 90
310 87
311 86
312 77
313 91
314 92
315 48
316 89
317 90
318 92
319 85
320 93
321 75
322 63
323 94
324 83
325 25
326 95
327 96
328 79
329 61
330 85
331 97
332 94
333 93
334 21
335 96
336 91
337 92
338 38
339 98
340 89
341 48
342 35
343 99
344 100
345 84
346 96
347 87
348 82
349 101
350 93
351 98
352 74
353 99
354 95
355 100
356 3
357 95
358 102
359 102
360 57
361 97
362 103
363 104
364 89
365 77
366 104
367 105
368 106
369 98
370 94
371 106
372 107
373 99
374 101
375 107
376 108
377 109
378 90
379 22
380 88
381 110
382 111
383 109
384 103
385 110
386 110
387 72
388 112
389 113
390 71
391 103
392 50
393 105
394 70
395 113
396 102
397 103
398 108
399 106
400 101
401 111
402 44
403 114
404 112
405 113
406 45
407 109
408 115
409 116
410 112
411 115
412 117
413 82
414 116
415 118
416 109
417 108
418 97
419 111
420 45
421 119
422 68
423 120
424 117
425 9
426 121
427 118
428 91
429 122
430 64
431 119
432 121
433 114
434 112
435 59
436 120
437 114
438 43
439 119
440 123
441 52
442 26
443 100
444 124
445 125
446 126
447 60
448 118
449 117
450 67
451 115
452 122
453 127
454 18
455 53
456 107
457 121
458 123
459 37
460 128
461 127
462 128
463 108
464 129
465 54
466 116
467 122
468 43
469 126
470 104
471 130
472 78
473 105
474 120
475 131
476 132
477 124
478 123
479 118
480 130
481 131
482 133
483 134
484 132
485 115
486 129
487 125
488 134
489 125
490 135
491 134
492 68
493 130
494 133
495 136
496 56
497 128
498 129
499 126
500 58
501 47
502 135
503 86
504 137
505 124
506 138
507 12
508 137
509 133
510 101
511 98
512 135
513 96
514 139
515 132
516 117
517 15
518 103
519 62
520 136
521 124
522 134
523 102
524 139
525 90
526 140
527 141
528 37
529 98
530 138
531 142
532 88
533 142
534 140
535 143
536 140
537 133
538 137
539 144
540 78
541 126
542 144
543 120
544 132
545 94
546 145
547 105
548 107
549 35
550 141
551 73
552 142
553 72
554 145
555 139
556 146
557 139
558 143
559 120
560 136
561 147
562 131
563 144
564 143
565 148
566 96
567 147
568 148
569 106
570 146
571 149
572 119
573 150
574 93
575 99
576 8
577 151
578 76
579 150
580 152
581 64
582 135
583 153
584 76
585 154
586 153
587 149
588 151
589 154
590 80
591 155
592 15
593 156
594 57
595 157
596 54
597 144
598 155
599 156
600 127
601 114
602 158
603 159
604 160
605 147
606 151
607 49
608 161
609 157
610 152
611 127
612 4
613 162
614 163
615 145
616 150
617 116
618 162
619 121
620 160
621 125
622 158
623 154
624 95
625 159
626 146
627 161
628 155
629 164
630 100
631 164
632 161
633 141
634 63
635 165
636 6
637 163
638 166
639 22
640 167
641 159
642 128
643 168
644 156
645 155
646 169
647 163
648 19
649 168
650 55
651 166
652 168
653 165
654 164
655 165
656 162
657 170
658 167
659 169
660 171
661 172
662 39
663 171
664 172
665 173
666 158
667 160
668 166
669 150
670 174
671 158
672 173
673 8
674 148
675 175
676 170
677 164
678 149
679 174
680 176
681 177
682 178
683 128
684 83
685 175
686 179
687 87
688 172
689 180
690 181
691 167
692 170
693 175
694 177
695 176
696 174
697 156
698 182
699 171
700 182
701 181
702 173
703 183
704 180
705 179
706 130
707 165
708 152
709 184
710 178
711 153
712 185
713 184
714 80
715 186
716 187
717 173
718 157
719 147
720 184
721 182
722 186
723 180
724 177
725 92
726 187
727 42
728 188
729 137
730 41
731 189
732 190
733 191
734 178
735 61
736 185
737 148
738 77
739 138
740 136
741 188
742 192
743 6
744 183
745 192
746 191
747 183
748 71
749 89
750 163
751 189
752 167
753 187
754 169
755 165
756 176
757 193
758 143
759 183
760 179
761 181
762 194
763 195
764 196
765 172
766 189
767 197
768 198
769 190
770 36
771 199
772 149
773 193
774 29
775 200
776 199
777 198
778 196
779 201
780 201
781 191
782 202
783 123
784 55
785 203
786 49
787 204
788 202
789 142
790 195
791 187
792 205
793 200
794 204
795 197
796 129
797 91
798 171
799 185
800 202
801 52
802 205
803 186
804 143
805 131
806 107
807 173
808 157
809 196
810 92
811 110
812 206
813 207
814 203
815 198
816 207
817 146
818 197
819 84
820 189
821 3
822 194
823 68
824 138
825 208
826 206
827 197
828 136
829 101
830 194
831 2
832 160
833 207
834 178
835 209
836 210
837 161
838 209
839 195
840 180
841 91
842 208
843 211
844 210
845 212
846 7
847 154
848 181
849 189
850 207
851 213
852 214
853 85
854 213
855 184
856 81
857 215
858 201
859 214
860 211
861 113
862 212
863 145
864 216
865 203
866 186
867 162
868 211
869 217
870 215
871 217
872 193
873 144
874 95
875 218
876 213
877 151
878 219
879 153
880 104
881 220
882 141
883 190
884 206
885 217
886 216
887 191
888 166
889 221
890 192
891 188
892 174
893 222
894 2
895 201
896 50
897 199
898 214
899 148
900 223
901 125
902 169
903 221
904 193
905 200
906 168
907 219
908 117
909 224
910 25
911 220
912 111
913 220
914 205
915 225
916 224
917 223
918 218
919 210
920 226
921 203
922 208
923 227
924 105
925 228
926 225
927 70
928 224
929 212
930 229
931 216
932 209
933 130
934 219
935 225
936 168
937 226
938 222
939 230
940 227
941 32
942 228
943 163
944 231
945 229
946 225
947 232
948 204
949 69
950 133
951 179
952 232
953 123
954 230
955 215
956 233
957 212
958 231
959 233
960 221
961 104
962 234
963 234
964 226
965 97
966 66
967 227
968 198
969 235
970 75
971 231
972 235
973 236
974 237
975 52
976 209
976 209
977 234
977 237
977 238
978 205
978 236
978 239
978 240
978 241
978 242
978 243
978 243
978 244
978 245
978 246
978 246
978 247
978 248
978 249
979 239
979 239
979 239
979 239
